
Slide puzzle 3x3. Public domain. Author: Marek K.'2002.

Starting state:
-------
4 8 1 
0 6 3 
2 7 5 
-------
Goal state:
-------
1 2 3 
4 5 6 
7 8 0 
-------
Algorithm type: recursive heuristic.
Algorithm depth limit = 40, Visited branches limit = 50000.
Puzzle solved!
LIST:
-------
4 8 1 
0 6 3 
2 7 5 
-------
NEXT...
-------
4 8 1 
2 6 3 
0 7 5 
-------
NEXT...
-------
4 8 1 
2 6 3 
7 0 5 
-------
NEXT...
-------
4 8 1 
2 0 3 
7 6 5 
-------
NEXT...
-------
4 8 1 
0 2 3 
7 6 5 
-------
NEXT...
-------
0 8 1 
4 2 3 
7 6 5 
-------
NEXT...
-------
8 0 1 
4 2 3 
7 6 5 
-------
NEXT...
-------
8 1 0 
4 2 3 
7 6 5 
-------
NEXT...
-------
8 1 3 
4 2 0 
7 6 5 
-------
NEXT...
-------
8 1 3 
4 2 5 
7 6 0 
-------
NEXT...
-------
8 1 3 
4 2 5 
7 0 6 
-------
NEXT...
-------
8 1 3 
4 2 5 
0 7 6 
-------
NEXT...
-------
8 1 3 
0 2 5 
4 7 6 
-------
NEXT...
-------
0 1 3 
8 2 5 
4 7 6 
-------
NEXT...
-------
1 0 3 
8 2 5 
4 7 6 
-------
NEXT...
-------
1 2 3 
8 0 5 
4 7 6 
-------
NEXT...
-------
1 2 3 
0 8 5 
4 7 6 
-------
NEXT...
-------
1 2 3 
4 8 5 
0 7 6 
-------
NEXT...
-------
1 2 3 
4 8 5 
7 0 6 
-------
NEXT...
-------
1 2 3 
4 0 5 
7 8 6 
-------
NEXT...
-------
1 2 3 
4 5 0 
7 8 6 
-------
NEXT...
-------
1 2 3 
4 5 6 
7 8 0 
-------
NEXT...
END OF LIST.

In 21 moves.
